This is TeX, Version 3.1415926 (TeX Live 2012) (format=tex 2012.6.30)  18 SEP 2013 23:52
**t1.tex
(./t1.tex (./cheat.tex (./psfig.tex
\@unused=\write0

psfig: version 1.1
\ps@stream=\read0
) (./stables.tex
\ttglue=\skip18
\stablestylehelp=\toks12
\stablelinehelp=\toks13
\stablesmultiplehelp=\toks14
\stablesthinline=\dimen16
\stablesthickline=\dimen17
\stablesbaselineskip=\dimen18
\stableslineskip=\dimen19
\stableslineskiplimit=\dimen20
\stablesmode=\count26
\stableslines=\count27
\stablestemp=\count28
\stablescount=\count29
\stableslinet=\count30
\stablestyle=\count31
\stablestrutsize=\count32
\stablestrutbox=\box16
\stablesborderwidth=\dimen21
\stablesinternalwidth=\dimen22
\stablesdummy=\dimen23
\stablesdummyc=\count33
) (./macros.tex
\DisSmall=\count34
\DisCount=\count35
\DisNumber=\count36
\DisSpace=\dimen24
\DisLSpace=\dimen25
\DisLeftSkip=\dimen26
\DisParFillSkip=\dimen27
\DisBaseLineSkip=\dimen28
)) <S-Tables Generating Table 1 (./sums.tex
Overfull \hbox (7.01248pt too wide) detected at line 10
[] [] 

\hbox(34.67578+29.67577)x316.54294
.\hbox(0.0+0.0)x0.0
.\glue 1.66663
.\vbox(34.67578+29.67577)x320.22217
..\hbox(16.51393+12.79865)x320.22217
...\glue(\tabskip) 0.0
...\hbox(16.51393+12.79865)x27.88734, glue set 0.735fil []
...\glue(\tabskip) 0.0
...\hbox(16.51393+12.79865)x292.33482 []
...\glue(\tabskip) 0.0
..\glue(\lineskip) 4.0
..\hbox(18.01115+13.02782)x320.22217
...\glue(\tabskip) 0.0
...\hbox(18.01115+13.02782)x27.88734 []
...\glue(\tabskip) 0.0
...\hbox(18.01115+13.02782)x292.33482, glue set 142.31955fil []
...\glue(\tabskip) 0.0
.\glue 1.66663


Overfull \hbox (5.71988pt too wide) detected at line 16
[] \teni ic[] \tenrm = []\teni ;  c \tensy 6\tenrm = 1\teni ;  [] ic[] \tenrm =
 []\teni ;  \tensy j\teni c\tensy j \teni < \tenrm 1\teni :

\hbox(16.51393+12.79865)x316.54294
.\vbox(16.51393+12.79865)x14.44447
..\kern1.0
..\hbox(3.01389+0.0)x14.44447, glue set 4.75058fil
...\glue 0.0 plus 1.0fil minus 1.0fil
...\seveni n
...\glue 0.0 plus 1.0fil minus 1.0fil
..\kern1.99998
..\hbox(10.50006+5.50006)x14.44447
...\hbox(1.0+15.00012)x14.44447, shifted -9.50006 []
..\kern1.66666
..etc.
.\glue(\thinmuskip) 1.66663
.\teni i
.\teni c
.\hbox(4.63193+0.0)x3.32928, shifted -4.12892
..\seveni i
.etc.

)
Overfull \vbox (140.46994pt too high) detected at line 11

\vbox(135.0+0.0)x316.54294, glue set - 1.0
.\glue 0.0 plus 1.0fil
.\glue 3.0
.\glue(\parskip) 0.0 plus 1.0
.\hbox(0.0+0.0)x316.54294, glue set 316.54294fil
..\hbox(0.0+0.0)x0.0
..\penalty 10000
..\glue(\parfillskip) 0.0 plus 1.0fil
..\glue(\rightskip) 0.0
.\penalty 10000
.etc.


Underfull \hbox (badness 1910) in paragraph at lines 18--19
[]\tenrm iff $\teni f\tenrm (\teni n\tenrm ) = \teni O\tenrm (\teni g\tenrm (\t
eni n\tenrm ))$ and

\hbox(7.5+2.5)x122.85876, glue set 2.67667
.\hbox(0.0+0.0)x0.0
.\tenrm i
.\tenrm ^^K (ligature ff)
.\glue 3.33333 plus 1.66666 minus 1.11111
.\mathon
.etc.

(./ids1.tex
Underfull \hbox (badness 10000) in paragraph at lines 1--15
 

\hbox(0.0+0.0)x316.54294
.\glue(\leftskip) -10.0
.\penalty -10000
.\glue(\rightskip) 0.0

)
Overfull \vbox (132.04187pt too high) detected at line 53

\vbox(45.0+0.0)x316.54294, glue set - 1.0
.\glue 0.0 plus 1.0fil
.\glue 3.0
.\glue 15.0
.\glue(\parskip) 0.0 plus 1.0
.\glue -29.0
.etc.

(./ids2.tex
Underfull \hbox (badness 10000) in paragraph at lines 1--30
 

\hbox(0.0+0.0)x542.025
.\glue(\leftskip) -10.0
.\penalty -10000
.\glue(\rightskip) 0.0

) - Rows: 18, Columns: 3>
Overfull \vbox (79.10806pt too high) has occurred while \output is active
\vbox(643.20255+0.0)x578.15999
.\glue(\topskip) 0.0
.\hbox(722.31061+0.0)x578.15999, glue set 1.1417fil
..\vbox(722.31061+0.0)x577.0183
...\rule(1.0+0.0)x577.0183
...\hbox(10.0+5.0)x577.0183 []
...\rule(1.0+0.0)x577.0183
...\hbox(10.0+5.0)x577.0183 []
...\rule(0.4+0.0)x577.0183
...etc.
..\glue 0.0 plus 1.0fil minus 1.0fil


[1] )
Output written on t1.dvi (1 page, 15776 bytes).
