This is TeX, Version 3.1415926 (TeX Live 2012) (format=tex 2012.6.30)  18 SEP 2013 23:52
**t10.tex
(./t10.tex (./cheat.tex (./psfig.tex
\@unused=\write0

psfig: version 1.1
\ps@stream=\read0
) (./stables.tex
\ttglue=\skip18
\stablestylehelp=\toks12
\stablelinehelp=\toks13
\stablesmultiplehelp=\toks14
\stablesthinline=\dimen16
\stablesthickline=\dimen17
\stablesbaselineskip=\dimen18
\stableslineskip=\dimen19
\stableslineskiplimit=\dimen20
\stablesmode=\count26
\stableslines=\count27
\stablestemp=\count28
\stablescount=\count29
\stableslinet=\count30
\stablestyle=\count31
\stablestrutsize=\count32
\stablestrutbox=\box16
\stablesborderwidth=\dimen21
\stablesinternalwidth=\dimen22
\stablesdummy=\dimen23
\stablesdummyc=\count33
) (./macros.tex
\DisSmall=\count34
\DisCount=\count35
\DisNumber=\count36
\DisSpace=\dimen24
\DisLSpace=\dimen25
\DisLeftSkip=\dimen26
\DisParFillSkip=\dimen27
\DisBaseLineSkip=\dimen28
)) <S-Tables Generating Table 1 (./series2.tex)
psfig: searching ecsher.ps for bounding box
psfig: including ecsher.ps 

Underfull \hbox (badness 10000) in paragraph at lines 11--12
[]

\hbox(0.0+0.0)x133.69994
.\hbox(0.0+0.0)x0.0
.\glue(\rightskip) 0.0


Overfull \hbox (0.80255pt too wide) in paragraph at lines 11--12
[] 

\hbox(129.48375+0.0)x133.69994
.\vbox(129.48375+0.0)x134.50249
..\special{ps::[begin] 8814755 8485847 0 0 8814755 8485847 startTexFig  }
..\special{ps: plotfile ecsher.ps }
..\special{ps::[end] endTexFig  }
..\vbox(129.48375+0.0)x134.50249, glue set 129.48375fil
...\hbox(0.0+0.0)x134.50249, glue set 131.16916fil []
...\glue 0.0 plus 1.0fil
.\penalty 10000
.\glue(\parfillskip) 0.0 plus 1.0fil
.\glue(\rightskip) 0.0

(./series4.tex) (./stieltjes.tex)
Overfull \vbox (240.99026pt too high) detected at line 24

\vbox(30.0+0.0)x300.64346, glue set - 1.0
.\glue 0.0 plus 1.0fil
.\glue 3.0
.\glue(\parskip) 0.0 plus 1.0
.\hbox(7.5+2.5)x300.64346, glue set 6.77246fil
..\hbox(0.0+0.0)x0.0
..\tenrm I
..\tenrm f
..\glue 3.33333 plus 1.66666 minus 1.11111
..\mathon
..etc.
.\penalty 10000
.etc.

(./magic.tex)
Overfull \vbox (99.37051pt too high) detected at line 35

\vbox(30.0+0.0)x148.18962
.\glue 0.0 plus 1.0fil
.\glue 3.0
.\glue 5.05942
.\hbox(121.3111+0.0)x148.18962
..\glue 3.33333 plus 1.66666 minus 1.11111
..\glue -5.05942
..\vbox(121.3111+0.0)x138.1062
...\rule(0.4+0.0)x*
...\hbox(120.51111+0.0)x138.1062 []
...\rule(0.4+0.0)x*
..\glue 2.69446 plus 1.29167 minus 0.86111
..\glue 3.33333 plus 1.66666 minus 1.11111
..etc.
.\glue 0.0
.etc.

(./cramers.tex) (./fib1.tex
Overfull \hbox (6.85545pt too wide) detected at line 1
\tenrm 1\teni ; \tenrm 1\teni ; \tenrm 2\teni ; \tenrm 3\teni ; \tenrm 5\teni ;
 \tenrm 8\teni ; \tenrm 13\teni ; \tenrm 21\teni ; \tenrm 34\teni ; \tenrm 55\t
eni ; \tenrm 89\teni ; []

\hbox(6.44444+1.94444)x133.69994
.\tenrm 1
.\teni ;
.\glue(\thinmuskip) 1.66663
.\tenrm 1
.\teni ;
.etc.


Overfull \hbox (7.88495pt too wide) detected at line 8
$ \teni F[] \tenrm = \teni F[] \tenrm + \teni F[];  F[] \tenrm = \teni F[] \ten
rm = 1\teni ; $

\hbox(6.83331+2.33333)x133.69994, glue set - 1.0
.\mathon
.\glue 0.0 plus 1.0fil
.\teni F
.\hbox(4.63193+0.0)x3.32928, shifted 1.49998
..\seveni i
.\glue(\thickmuskip) 2.77771 plus 2.77771
.etc.

)
Overfull \vbox (176.93097pt too high) detected at line 44

\vbox(30.0+0.0)x133.69994, glue set - 1.0
.\glue 0.0 plus 1.0fil
.\glue 3.0
.\glue(\parskip) 0.0 plus 1.0
.\hbox(0.0+0.0)x133.69994, glue set 133.69994fil
..\hbox(0.0+0.0)x0.0
..\penalty 10000
..\glue(\parfillskip) 0.0 plus 1.0fil
..\glue(\rightskip) 0.0
.\penalty 10000
.etc.

(./fib2.tex)
Overfull \vbox (47.44443pt too high) detected at line 50

\vbox(30.0+0.0)x133.69994, glue set - 1.0
.\glue 0.0 plus 1.0fil
.\glue 3.0
.\glue(\parskip) 0.0 plus 1.0
.\hbox(6.94444+1.94444)x133.69994, glue set - 0.47343
..\hbox(0.0+0.0)x0.0
..\tenrm T
..\tenrm h
..\tenrm e
..\glue 3.33333 plus 1.66666 minus 1.11111
..etc.
.\penalty 150
.etc.

(./quote5.tex) - Rows: 9, Columns: 3>
Overfull \vbox (78.92981pt too high) has occurred while \output is active
\vbox(643.20255+0.0)x578.15999
.\glue(\topskip) 0.0
.\hbox(722.13235+0.0)x578.15999, glue set 0.95532fil
..\vbox(722.13235+0.0)x577.20467
...\rule(1.0+0.0)x577.20467
...\hbox(10.0+5.0)x577.20467 []
...\rule(1.0+0.0)x577.20467
...\hbox(10.0+5.0)x577.20467 []
...\rule(0.4+0.0)x577.20467
...etc.
..\glue 0.0 plus 1.0fil minus 1.0fil


[10] )
Output written on t10.dvi (1 page, 11772 bytes).
