This is TeX, Version 3.1415926 (TeX Live 2012) (format=tex 2012.6.30)  18 SEP 2013 23:52
**t2.tex
(./t2.tex (./cheat.tex (./psfig.tex
\@unused=\write0

psfig: version 1.1
\ps@stream=\read0
) (./stables.tex
\ttglue=\skip18
\stablestylehelp=\toks12
\stablelinehelp=\toks13
\stablesmultiplehelp=\toks14
\stablesthinline=\dimen16
\stablesthickline=\dimen17
\stablesbaselineskip=\dimen18
\stableslineskip=\dimen19
\stableslineskiplimit=\dimen20
\stablesmode=\count26
\stableslines=\count27
\stablestemp=\count28
\stablescount=\count29
\stableslinet=\count30
\stablestyle=\count31
\stablestrutsize=\count32
\stablestrutbox=\box16
\stablesborderwidth=\dimen21
\stablesinternalwidth=\dimen22
\stablesdummy=\dimen23
\stablesdummyc=\count33
) (./macros.tex
\DisSmall=\count34
\DisCount=\count35
\DisNumber=\count36
\DisSpace=\dimen24
\DisLSpace=\dimen25
\DisLeftSkip=\dimen26
\DisParFillSkip=\dimen27
\DisBaseLineSkip=\dimen28
)) <S-Tables Generating Table 1 (./ids3.tex
Underfull \hbox (badness 10000) in paragraph at lines 2--16
 

\hbox(0.0+0.0)x461.80525
.\glue(\leftskip) -10.0
.\penalty -10000
.\glue(\rightskip) 0.0

) (./trees.tex
Underfull \hbox (badness 10000) in paragraph at lines 3--5
[]\tenrm Kraft in-equal-

\hbox(6.94444+1.94444)x79.49744, glue set 10.68178
.\hbox(0.0+0.0)x0.0
.\tenrm K
.\tenrm r
.\tenrm a
.\tenrm f
.etc.


Underfull \hbox (badness 2269) in paragraph at lines 3--5
\tenrm of the leaves of

\hbox(6.94444+0.0)x79.49744, glue set 2.83282
.\tenrm o
.\tenrm f
.\glue 3.33333 plus 1.66666 minus 1.11111
.\tenrm t
.\tenrm h
.etc.

) (./recur1.tex) (./recur2.tex) (./recur3.tex
Underfull \hbox (badness 3701) in paragraph at lines 5--6
[]|\tenrm Choose a gen-er-at-ing func-tion

\hbox(8.5+3.5)x144.54, glue set 3.33574
.\hbox(0.0+0.0)x0.0
.\rule(8.5+3.5)x0.0
.\tenrm C
.\tenrm h
.\tenrm o
.etc.

) - Rows: 5, Columns: 4>
Overfull \vbox (79.29448pt too high) has occurred while \output is active
\vbox(643.20255+0.0)x578.15999
.\glue(\topskip) 0.0
.\hbox(722.49702+0.0)x578.15999, glue set 0.69882fil
..\vbox(722.49702+0.0)x577.46117
...\rule(1.0+0.0)x577.46117
...\hbox(10.0+5.0)x577.46117 []
...\rule(1.0+0.0)x577.46117
...\hbox(10.0+5.0)x577.46117 []
...\rule(0.4+0.0)x577.46117
...etc.
..\glue 0.0 plus 1.0fil minus 1.0fil


[2] )
Output written on t2.dvi (1 page, 12384 bytes).
