This is TeX, Version 3.1415926 (TeX Live 2012) (format=tex 2012.6.30)  18 SEP 2013 23:52
**t3.tex
(./t3.tex (./cheat.tex (./psfig.tex
\@unused=\write0

psfig: version 1.1
\ps@stream=\read0
) (./stables.tex
\ttglue=\skip18
\stablestylehelp=\toks12
\stablelinehelp=\toks13
\stablesmultiplehelp=\toks14
\stablesthinline=\dimen16
\stablesthickline=\dimen17
\stablesbaselineskip=\dimen18
\stableslineskip=\dimen19
\stableslineskiplimit=\dimen20
\stablesmode=\count26
\stableslines=\count27
\stablestemp=\count28
\stablescount=\count29
\stableslinet=\count30
\stablestyle=\count31
\stablestrutsize=\count32
\stablestrutbox=\box16
\stablesborderwidth=\dimen21
\stablesinternalwidth=\dimen22
\stablesdummy=\dimen23
\stablesdummyc=\count33
) (./macros.tex
\DisSmall=\count34
\DisCount=\count35
\DisNumber=\count36
\DisSpace=\dimen24
\DisLSpace=\dimen25
\DisLeftSkip=\dimen26
\DisParFillSkip=\dimen27
\DisBaseLineSkip=\dimen28
)) <S-Tables Generating Table 1 (./misc.tex)
Overfull \vbox (358.44089pt too high) detected at line 19

\vbox(45.0+0.0)x180.67499, glue set - 1.0
.\glue 0.0 plus 1.0fil
.\glue 3.0
.\glue(\parskip) 0.0 plus 1.0
.\hbox(7.5+2.5)x180.67499, glue set 7.45432fil
..\hbox(0.0+0.0)x0.0
..\tenrm B
..\tenrm e
..\tenrm r
..\tenrm n
..etc.
.\glue 3.0
.etc.

(./prob.tex
Overfull \hbox (6.29555pt too wide) detected at line 14
[]\tenrm [\teni g\tenrm (\teni X\tenrm )] = [][]    \teni g\tenrm (\teni x\tenr
m )\teni p\tenrm (\teni x\tenrm ) \teni dx \tenrm = [][]    \teni g\tenrm (\ten
i x\tenrm ) \teni dP\tenrm (\teni x\tenrm )\teni :

\hbox(14.15291+9.94456)x187.90244
.\hbox(6.83331+0.0)x6.80557, shifted 0.91666
..\tenrm E
.\tenrm [
.\teni g
.\kern0.35878
.\tenrm (
.etc.

)
Overfull \vbox (616.09152pt too high) detected at line 21

\vbox(45.0+0.0)x187.90244, glue set - 1.0
.\glue 0.0 plus 1.0fil
.\glue 3.0
.\glue(\parskip) 0.0 plus 1.0
.\hbox(6.94444+0.0)x187.90244, glue set 66.04106fil
..\hbox(0.0+0.0)x0.0
..\tenrm C
..\tenrm o
..\tenrm n
..\kern-0.27779
..etc.
.\penalty 10000
.etc.

(./prob2.tex)
Overfull \vbox (194.49931pt too high) detected at line 50

\vbox(45.0+0.0)x180.67499, glue set - 1.0
.\glue 0.0 plus 1.0fil
.\glue 3.0
.\glue(\parskip) 0.0 plus 1.0
.\hbox(6.94444+0.0)x180.67499, glue set 84.06361fil
..\hbox(0.0+0.0)x0.0
..\tenrm B
..\tenrm i
..\tenrm n
..\tenrm o
..etc.
.\penalty 10000
.etc.

- Rows: 47, Columns: 5>
Overfull \vbox (79.16266pt too high) has occurred while \output is active
\vbox(643.20255+0.0)x578.15999
.\glue(\topskip) 0.0
.\hbox(722.3652+0.0)x578.15999, glue set 0.58218fil
..\vbox(722.3652+0.0)x577.5778
...\rule(1.0+0.0)x577.5778
...\hbox(10.0+5.0)x577.5778 []
...\rule(1.0+0.0)x577.5778
...\hbox(10.0+15.56522)x577.5778 []
...\rule(1.0+0.0)x577.5778
...etc.
..\glue 0.0 plus 1.0fil minus 1.0fil


[3] )
Output written on t3.dvi (1 page, 15676 bytes).
