This is TeX, Version 3.1415926 (TeX Live 2012) (format=tex 2012.6.30)  18 SEP 2013 23:52
**t4.tex
(./t4.tex (./cheat.tex (./psfig.tex
\@unused=\write0

psfig: version 1.1
\ps@stream=\read0
) (./stables.tex
\ttglue=\skip18
\stablestylehelp=\toks12
\stablelinehelp=\toks13
\stablesmultiplehelp=\toks14
\stablesthinline=\dimen16
\stablesthickline=\dimen17
\stablesbaselineskip=\dimen18
\stableslineskip=\dimen19
\stableslineskiplimit=\dimen20
\stablesmode=\count26
\stableslines=\count27
\stablestemp=\count28
\stablescount=\count29
\stableslinet=\count30
\stablestyle=\count31
\stablestrutsize=\count32
\stablestrutbox=\box16
\stablesborderwidth=\dimen21
\stablesinternalwidth=\dimen22
\stablesdummy=\dimen23
\stablesdummyc=\count33
) (./macros.tex
\DisSmall=\count34
\DisCount=\count35
\DisNumber=\count36
\DisSpace=\dimen24
\DisLSpace=\dimen25
\DisLeftSkip=\dimen26
\DisParFillSkip=\dimen27
\DisBaseLineSkip=\dimen28
)) <S-Tables Generating Table 1 (./trig1.tex
(./unit.tex
\graph=\box17
\graphtemp=\dimen29
)
Underfull \hbox (badness 10000) in paragraph at lines 25--53
 

\hbox(0.0+0.0)x216.81
.\glue(\leftskip) -5.0
.\penalty -10000
.\glue(\rightskip) 0.0


Underfull \hbox (badness 10000) in paragraph at lines 25--53
 []

\hbox(7.5+2.5)x216.81
.\glue(\leftskip) -5.0
.\hbox(7.5+2.5)x159.87465
..\glue 5.0
..\mathon
..\hbox(6.67859+0.0)x12.2778
...\tenrm s
...\tenrm i
...\tenrm n
..\tenrm (
..\teni x
..etc.
.\glue(\rightskip) 0.0


Underfull \hbox (badness 10000) in paragraph at lines 25--53
 []

\hbox(7.5+2.5)x216.81
.\glue(\leftskip) -5.0
.\hbox(7.5+2.5)x160.98575
..\glue 5.0
..\mathon
..\hbox(4.30554+0.0)x13.3889
...\tenrm c
...\tenrm o
...\tenrm s
..\tenrm (
..\teni x
..etc.
.\glue(\rightskip) 0.0


Underfull \hbox (badness 10000) in paragraph at lines 25--53
 []

\hbox(12.91586+8.80396)x216.81
.\glue(\leftskip) -5.0
.\hbox(12.91586+8.80396)x131.02017
..\glue 5.0
..\mathon
..\hbox(6.15079+0.0)x14.44449
...\tenrm t
...\tenrm a
...\tenrm n
..\tenrm (
..\teni x
..etc.
.\glue(\rightskip) 0.0


Underfull \hbox (badness 10000) in paragraph at lines 25--53
 []

\hbox(13.20952+8.80396)x216.81
.\glue(\leftskip) -5.0
.\hbox(13.20952+8.80396)x127.68678
..\glue 5.0
..\mathon
..\hbox(6.15079+0.0)x13.33336
...\tenrm c
...\tenrm o
...\tenrm t
..\tenrm (
..\teni x
..etc.
.\glue(\rightskip) 0.0


Underfull \hbox (badness 10000) in paragraph at lines 25--53
 []

\hbox(8.7175+2.5)x216.81
.\glue(\leftskip) -5.0
.\hbox(8.7175+2.5)x169.34697
..\glue 5.0
..\mathon
..\hbox(6.67859+0.0)x12.2778
...\tenrm s
...\tenrm i
...\tenrm n
..\tenrm (
..\teni x
..etc.
.\glue(\rightskip) 0.0


Underfull \hbox (badness 10000) in paragraph at lines 25--53
 []

\hbox(8.7175+2.5)x216.81
.\glue(\leftskip) -5.0
.\hbox(8.7175+2.5)x172.68027
..\glue 5.0
..\mathon
..\hbox(4.30554+0.0)x13.3889
...\tenrm c
...\tenrm o
...\tenrm s
..\tenrm (
..\teni x
..etc.
.\penalty 10000
.\glue(\parfillskip) 0.0
.\glue(\rightskip) 0.0

) (./matrix.tex)
Overfull \vbox (244.55637pt too high) detected at line 12

\vbox(15.0+0.0)x219.7003, glue set - 1.0
.\glue 0.0 plus 1.0fil
.\glue 3.0
.\glue(\parskip) 0.0 plus 1.0
.\hbox(6.94444+1.94444)x219.7003, glue set 154.9779fil
..\hbox(0.0+0.0)x0.0
..\tenrm M
..\tenrm u
..\tenrm l
..\tenrm t
..etc.
.\penalty 10000
.etc.

(./trig2.tex (./triangle.tex)
Overfull \hbox (7.29926pt too wide) detected at line 7
\teni c[] \tenrm = \teni a[] \tenrm + \teni b[] \tensy ^^@ \tenrm 2\teni ab [] 
C:

\hbox(8.64003+0.83333)x90.3375, glue set - 1.0
.\teni c
.\hbox(4.51111+0.0)x4.48613, shifted -4.12892
..\sevenrm 2
.\glue(\thickmuskip) 2.77771 plus 2.77771
.\tenrm =
.\glue(\thickmuskip) 2.77771 plus 2.77771
.etc.


Overfull \hbox (0.3097pt too wide) detected at line 27
[] [] 

\hbox(38.5+33.5)x90.3375
.\hbox(0.0+0.0)x0.0
.\glue 1.66663
.\vbox(38.5+33.5)x87.31393
..\hbox(8.5+3.5)x87.31393
...\glue(\tabskip) 0.0
...\hbox(8.5+3.5)x9.52515, glue set 2.02513fil []
...\glue(\tabskip) 0.0
...\hbox(8.5+3.5)x77.78879 []
...\glue(\tabskip) 0.0
..\glue(\baselineskip) 3.0
..\hbox(8.5+3.5)x87.31393
...\glue(\tabskip) 0.0
...\hbox(8.5+3.5)x9.52515, glue set 4.83765fil []
...\glue(\tabskip) 0.0
...\hbox(8.5+3.5)x77.78879, glue set 9.16447fil []
...\glue(\tabskip) 0.0
..\glue(\baselineskip) 3.0
..\hbox(8.5+3.5)x87.31393
...\glue(\tabskip) 0.0
...\hbox(8.5+3.5)x9.52515 []
...\glue(\tabskip) 0.0
...\hbox(8.5+3.5)x77.78879, glue set 39.48225fil []
...\glue(\tabskip) 0.0
..etc.
.\glue 1.66663


Overfull \hbox (9.28824pt too wide) detected at line 49
[] [] 

\hbox(191.67918+186.67918)x90.3375
.\hbox(0.0+0.0)x0.0
.\glue 1.66663
.\vbox(191.67918+186.67918)x96.29248
..\hbox(16.51328+7.88693)x96.29248
...\glue(\tabskip) 0.0
...\hbox(16.51328+7.88693)x23.04584, glue set 2.16669fil []
...\glue(\tabskip) 0.0
...\hbox(16.51328+7.88693)x73.24664, glue set 6.74268fil []
...\glue(\tabskip) 0.0
..\glue(\lineskip) 4.0
..\hbox(16.51328+7.88693)x96.29248
...\glue(\tabskip) 0.0
...\hbox(16.51328+7.88693)x23.04584, glue set 1.05559fil []
...\glue(\tabskip) 0.0
...\hbox(16.51328+7.88693)x73.24664, glue set 6.74268fil []
...\glue(\tabskip) 0.0
..\glue(\lineskip) 4.0
..\hbox(16.0966+8.3036)x96.29248
...\glue(\tabskip) 0.0
...\hbox(16.0966+8.3036)x23.04584 []
...\glue(\tabskip) 0.0
...\hbox(16.0966+8.3036)x73.24664, glue set 6.74268fil []
...\glue(\tabskip) 0.0
..etc.
.\glue 1.66663

)
Overfull \vbox (637.99213pt too high) detected at line 15

\vbox(30.0+0.0)x90.3375, glue set - 1.0
.\glue 0.0 plus 1.0fil
.\glue 3.0
.\hbox(0.0+61.03581)x90.3375, glue set 12.64748fil
..\glue 0.0 plus 1.0fil minus 1.0fil
..\vbox(0.0+61.03581)x65.04256
...\glue 0.0
...\hbox(4.68054+56.35527)x65.04256 []
..\glue 0.0 plus 1.0fil minus 1.0fil
.\glue(\parskip) 0.0 plus 1.0
.\glue(\lineskip) 1.0
.etc.

(./hyper.tex
Underfull \hbox (badness 10000) in paragraph at lines 12--29
 

\hbox(0.0+0.0)x212.47397
.\glue(\leftskip) -5.0
.\penalty -10000
.\glue(\rightskip) 0.0


Underfull \hbox (badness 10000) in paragraph at lines 12--29
 []

\hbox(7.5+2.5)x212.47397
.\glue(\leftskip) -5.0
.\hbox(7.5+2.5)x187.65251
..\glue 5.0
..\mathon
..\hbox(6.94444+0.0)x17.83337
...\tenrm s
...\tenrm i
...\tenrm n
...\tenrm h
..\tenrm (
..\teni x
..etc.
.\glue(\rightskip) 0.0


Underfull \hbox (badness 10000) in paragraph at lines 12--29
 []

\hbox(7.5+2.5)x212.47397
.\glue(\leftskip) -5.0
.\hbox(7.5+2.5)x188.76361
..\glue 5.0
..\mathon
..\hbox(6.94444+0.0)x18.94447
...\tenrm c
...\tenrm o
...\tenrm s
...\tenrm h
..\tenrm (
..\teni x
..etc.
.\glue(\rightskip) 0.0


Underfull \hbox (badness 10000) in paragraph at lines 12--29
 []

\hbox(6.94444+1.94444)x212.47397
.\glue(\leftskip) -5.0
.\hbox(6.94444+1.94444)x111.2012
..\glue 5.0
..\mathon
..\hbox(6.94444+0.0)x17.83337
...\tenrm s
...\tenrm i
...\tenrm n
...\tenrm h
..\glue(\thinmuskip) 1.66663
..\tenrm 2
..etc.
.\glue(\rightskip) 0.0


Underfull \hbox (badness 10000) in paragraph at lines 12--29
 []

\hbox(8.98335+1.94444)x212.47397
.\glue(\leftskip) -5.0
.\hbox(8.98335+1.94444)x125.17343
..\glue 5.0
..\mathon
..\hbox(6.94444+0.0)x18.94447
...\tenrm c
...\tenrm o
...\tenrm s
...\tenrm h
..\glue(\thinmuskip) 1.66663
..\tenrm 2
..etc.
.\glue(\rightskip) 0.0


Underfull \hbox (badness 10000) in paragraph at lines 12--29
 []

\hbox(7.5+2.5)x212.47397
.\glue(\leftskip) -5.0
.\hbox(7.5+2.5)x213.19997
..\glue 5.0
..\mathon
..\tenrm (
..\hbox(6.94444+0.0)x18.94447
...\tenrm c
...\tenrm o
...\tenrm s
...\tenrm h
..\glue(\thinmuskip) 1.66663
..etc.
.\glue(\rightskip) 0.0

) (./table.tex)
Overfull \vbox (64.5953pt too high) detected at line 29

\vbox(30.0+0.0)x97.35527
.\glue 0.0 plus 1.0fil
.\glue 3.0
.\hbox(6.94444+0.0)x97.35527
..\glue(\tabskip) 0.0
..\hbox(6.94444+0.0)x17.32748, glue set 1.17763fil
...\glue 0.0 plus 1.0fil
...\mathon
...\teni ^^R
...\kern0.27779
...\mathoff
...etc.
..\glue(\tabskip) 0.0
..\hbox(6.94444+0.0)x28.91667
...\glue 0.0 plus 1.0fil
...\mathon
...\hbox(6.67859+0.0)x12.2778 []
...\glue(\thinmuskip) 1.66663
...\teni ^^R
...etc.
..\glue(\tabskip) 0.0
..etc.
.\kern 3.0
.\kern 2.0
.etc.

(./quote4.tex
Underfull \hbox (badness 1173) in paragraph at lines 1--2
\tenrm you don't un-der-

\hbox(6.94444+1.94444)x80.94205, glue set 2.27425
.\tenrm y
.\kern-0.27779
.\tenrm o
.\tenrm u
.\glue 3.33333 plus 1.66666 minus 1.11111
.etc.


Underfull \hbox (badness 1661) in paragraph at lines 1--2
\tenrm just get used to

\hbox(6.94444+1.94444)x80.94205, glue set 2.55507
.\tenrm j
.\tenrm u
.\tenrm s
.\tenrm t
.\glue 3.33333 plus 1.66666 minus 1.11111
.etc.

)
Overfull \vbox (39.94444pt too high) detected at line 32

\vbox(30.0+0.0)x80.94205
.\glue 0.0 plus 1.0fil
.\glue 3.0
.\glue(\parskip) 0.0 plus 1.0
.\hbox(6.94444+0.0)x80.94205, glue set - 0.60112
..\hbox(0.0+0.0)x0.0
..\mathon
..\hbox(1.05554+0.0)x11.66661
...\teni :
...\glue(\thinmuskip) 1.66663
...\teni :
...\glue(\thinmuskip) 1.66663
...\teni :
..\mathoff
..\glue 3.33333 plus 1.66666 minus 1.11111
..etc.
.\penalty 150
.etc.

(./version.tex) - Rows: 7, Columns: 4>
Overfull \vbox (79.21806pt too high) has occurred while \output is active
\vbox(643.20255+0.0)x578.15999
.\glue(\topskip) 0.0
.\hbox(722.42061+0.0)x578.15999, glue set 0.55945fil
..\vbox(722.42061+0.0)x577.60054
...\rule(1.0+0.0)x577.60054
...\hbox(10.0+5.0)x577.60054 []
...\rule(1.0+0.0)x577.60054
...\hbox(10.0+5.0)x577.60054 []
...\rule(0.4+0.0)x577.60054
...etc.
..\glue 0.0 plus 1.0fil minus 1.0fil


[4] )
Output written on t4.dvi (1 page, 13952 bytes).
