This is TeX, Version 3.1415926 (TeX Live 2012) (format=tex 2012.6.30)  18 SEP 2013 23:52
**t5.tex
(./t5.tex (./cheat.tex (./psfig.tex
\@unused=\write0

psfig: version 1.1
\ps@stream=\read0
) (./stables.tex
\ttglue=\skip18
\stablestylehelp=\toks12
\stablelinehelp=\toks13
\stablesmultiplehelp=\toks14
\stablesthinline=\dimen16
\stablesthickline=\dimen17
\stablesbaselineskip=\dimen18
\stableslineskip=\dimen19
\stableslineskiplimit=\dimen20
\stablesmode=\count26
\stableslines=\count27
\stablestemp=\count28
\stablescount=\count29
\stableslinet=\count30
\stablestyle=\count31
\stablestrutsize=\count32
\stablestrutbox=\box16
\stablesborderwidth=\dimen21
\stablesinternalwidth=\dimen22
\stablesdummy=\dimen23
\stablesdummyc=\count33
) (./macros.tex
\DisSmall=\count34
\DisCount=\count35
\DisNumber=\count36
\DisSpace=\dimen24
\DisLSpace=\dimen25
\DisLeftSkip=\dimen26
\DisParFillSkip=\dimen27
\DisBaseLineSkip=\dimen28
)) <S-Tables Generating Table 1 (./number.tex
Underfull \hbox (badness 1348) in paragraph at lines 14--17
\tenrm pos-i-tive in-te-gers less than $\teni x$ \tenrm rel-a-tively

\hbox(6.94444+1.94444)x185.01102, glue set 2.38214
.\tenrm p
.\kern0.27779
.\tenrm o
.\tenrm s
.\discretionary
..\tenrm -
.etc.

) (./graph.tex
Underfull \hbox (badness 10000) in paragraph at lines 9--9
[]|\tenrm A trail with dis-tinct

\hbox(8.5+3.5)x115.63243, glue set 5.50055
.\hbox(0.0+0.0)x0.0
.\rule(8.5+3.5)x0.0
.\tenrm A
.\glue 3.33333 plus 1.66498 minus 1.11221
.\tenrm t
.etc.


Underfull \hbox (badness 10000) in paragraph at lines 11--11
[]|\tenrm A max-i-mal con-nected

\hbox(8.5+3.5)x115.63243, glue set 6.19283
.\hbox(0.0+0.0)x0.0
.\rule(8.5+3.5)x0.0
.\tenrm A
.\glue 3.33333 plus 1.66498 minus 1.11221
.\tenrm m
.etc.


Underfull \hbox (badness 10000) in paragraph at lines 23--23
[]|\tenrm A $\teni k$\tenrm -regular span-ning

\hbox(8.5+3.5)x115.63243, glue set 6.92029
.\hbox(0.0+0.0)x0.0
.\rule(8.5+3.5)x0.0
.\tenrm A
.\glue 3.33333 plus 1.66498 minus 1.11221
.\mathon
.etc.


Underfull \hbox (badness 1466) in paragraph at lines 27--27
[]|\tenrm A set of ver-tices which

\hbox(8.5+3.5)x115.63243, glue set 2.44965
.\hbox(0.0+0.0)x0.0
.\rule(8.5+3.5)x0.0
.\tenrm A
.\glue 3.33333 plus 1.66498 minus 1.11221
.\tenrm s
.etc.

)
Overfull \vbox (639.1131pt too high) detected at line 12

\vbox(45.0+0.0)x175.82646, glue set - 1.0
.\glue 0.0 plus 1.0fil
.\glue 3.0
.\glue(\parskip) 0.0 plus 1.0
.\hbox(6.94444+0.0)x173.44756, glue set 123.53078fil
..\hbox(0.0+0.0)x0.0
..\tenrm D
..\tenrm e
..\tenrm ^^L (ligature fi)
..\tenrm n
..etc.
.\glue 3.0
.etc.

(./graph2.tex)
Overfull \vbox (155.2333pt too high) detected at line 16

\vbox(15.0+0.0)x144.54
.\glue 0.0 plus 1.0fil
.\glue 3.0
.\glue(\parskip) 0.0 plus 1.0
.\hbox(6.83331+0.0)x144.54, glue set 103.15099fil
..\hbox(0.0+0.0)x0.0
..\tenrm N
..\tenrm o
..\tenrm t
..\tenrm a
..etc.
.\glue 3.0
.etc.

(./geom.tex
Underfull \hbox (badness 1571) in paragraph at lines 1--3
[]\tenrm Projective co-or-di-nates: triples

\hbox(6.94444+1.94444)x144.54, glue set 2.50797
.\hbox(0.0+0.0)x0.0
.\tenrm P
.\tenrm r
.\tenrm o
.\kern0.55554
.etc.

(./angle.tex
\graph=\box17
\graphtemp=\dimen29
))
Overfull \vbox (421.82716pt too high) detected at line 24

\vbox(15.0+0.0)x144.54, glue set - 1.0
.\glue 0.0 plus 1.0fil
.\glue 3.0
.\glue(\parskip) 0.0 plus 1.0
.\hbox(6.94444+1.94444)x144.54, glue set 2.50797
..\hbox(0.0+0.0)x0.0
..\tenrm P
..\tenrm r
..\tenrm o
..\kern0.55554
..etc.
.\penalty 200
.etc.

(./quote1.tex) - Rows: 6, Columns: 3>
Overfull \vbox (78.94882pt too high) has occurred while \output is active
\vbox(643.20255+0.0)x578.15999
.\glue(\topskip) 0.0
.\hbox(722.15137+0.0)x578.15999, glue set 1.16135fil
..\vbox(722.15137+0.0)x576.99864
...\rule(1.0+0.0)x576.99864
...\hbox(10.0+5.0)x576.99864 []
...\rule(1.0+0.0)x576.99864
...\hbox(10.0+5.0)x576.99864 []
...\rule(0.4+0.0)x576.99864
...etc.
..\glue 0.0 plus 1.0fil minus 1.0fil


[5] )
Output written on t5.dvi (1 page, 10588 bytes).
