This is TeX, Version 3.1415926 (TeX Live 2012) (format=tex 2012.6.30)  18 SEP 2013 23:52
**t7.tex
(./t7.tex (./cheat.tex (./psfig.tex
\@unused=\write0

psfig: version 1.1
\ps@stream=\read0
) (./stables.tex
\ttglue=\skip18
\stablestylehelp=\toks12
\stablelinehelp=\toks13
\stablesmultiplehelp=\toks14
\stablesthinline=\dimen16
\stablesthickline=\dimen17
\stablesbaselineskip=\dimen18
\stableslineskip=\dimen19
\stableslineskiplimit=\dimen20
\stablesmode=\count26
\stableslines=\count27
\stablestemp=\count28
\stablescount=\count29
\stableslinet=\count30
\stablestyle=\count31
\stablestrutsize=\count32
\stablestrutbox=\box16
\stablesborderwidth=\dimen21
\stablesinternalwidth=\dimen22
\stablesdummy=\dimen23
\stablesdummyc=\count33
) (./macros.tex
\DisSmall=\count34
\DisCount=\count35
\DisNumber=\count36
\DisSpace=\dimen24
\DisLSpace=\dimen25
\DisLeftSkip=\dimen26
\DisParFillSkip=\dimen27
\DisBaseLineSkip=\dimen28
)) <S-Tables Generating Table 1 (./calc2.tex
Underfull \hbox (badness 10000) in paragraph at lines 2--54
 

\hbox(0.0+0.0)x548.52902
.\glue(\leftskip) -5.0
.\penalty -10000
.\glue(\rightskip) 0.0


Underfull \hbox (badness 10000) in paragraph at lines 2--54
 []

\hbox(14.9051+8.61124)x548.52902
.\glue(\leftskip) -5.0
.\hbox(14.9051+8.61124)x291.0575
..\glue 5.0
..\tenbf 2
..\tenbf 5
..\tenbf .
..\glue 5.11108 plus 5.74997 minus 0.42592
..etc.
.\penalty -10000
.\glue(\rightskip) 0.0


Underfull \hbox (badness 10000) in paragraph at lines 2--54
 []

\hbox(22.43013+17.43013)x548.52902
.\glue(\leftskip) -5.0
.\hbox(22.43013+17.43013)x350.96776
..\glue 5.0
..\tenbf 3
..\tenbf 8
..\tenbf .
..\glue 5.11108 plus 5.74997 minus 0.42592
..etc.
.\glue(\rightskip) 0.0


Underfull \hbox (badness 10000) in paragraph at lines 2--54
 []

\hbox(13.70952+9.2999)x548.52902
.\glue(\leftskip) -5.0
.\hbox(13.70952+9.2999)x217.31961
..\glue 5.0
..\tenbf 3
..\tenbf 9
..\tenbf .
..\glue 5.11108 plus 5.74997 minus 0.42592
..etc.
.\glue(\rightskip) 0.0


Underfull \hbox (badness 10000) in paragraph at lines 2--54
 []

\hbox(13.61122+8.61124)x548.52902
.\glue(\leftskip) -5.0
.\hbox(13.61122+8.61124)x314.30234
..\glue 5.0
..\tenbf 4
..\tenbf 2
..\tenbf .
..\glue 5.11108 plus 5.74997 minus 0.42592
..etc.
.\penalty -10000
.\glue(\rightskip) 0.0

) - Rows: 3, Columns: 1>
Overfull \vbox (78.87889pt too high) has occurred while \output is active
\vbox(643.20255+0.0)x578.15999
.\glue(\topskip) 0.0
.\hbox(722.08144+0.0)x578.15999, glue set 0.96428fil
..\vbox(722.08144+0.0)x577.19571
...\rule(1.0+0.0)x577.19571
...\hbox(10.0+5.0)x577.19571 []
...\rule(1.0+0.0)x577.19571
...\hbox(10.0+5.0)x577.19571 []
...\rule(0.4+0.0)x577.19571
...etc.
..\glue 0.0 plus 1.0fil minus 1.0fil


[7] )
Output written on t7.dvi (1 page, 13040 bytes).
