This is TeX, Version 3.1415926 (TeX Live 2012) (format=tex 2012.6.30)  14 NOV 2013 09:04
**t9.tex
(./t9.tex (./cheat.tex (./psfig.tex
\@unused=\write0

psfig: version 1.1
\ps@stream=\read0
) (./stables.tex
\ttglue=\skip18
\stablestylehelp=\toks12
\stablelinehelp=\toks13
\stablesmultiplehelp=\toks14
\stablesthinline=\dimen16
\stablesthickline=\dimen17
\stablesbaselineskip=\dimen18
\stableslineskip=\dimen19
\stableslineskiplimit=\dimen20
\stablesmode=\count26
\stableslines=\count27
\stablestemp=\count28
\stablescount=\count29
\stableslinet=\count30
\stablestyle=\count31
\stablestrutsize=\count32
\stablestrutbox=\box16
\stablesborderwidth=\dimen21
\stablesinternalwidth=\dimen22
\stablesdummy=\dimen23
\stablesdummyc=\count33
) (./macros.tex
\DisSmall=\count34
\DisCount=\count35
\DisNumber=\count36
\DisSpace=\dimen24
\DisLSpace=\dimen25
\DisLeftSkip=\dimen26
\DisParFillSkip=\dimen27
\DisBaseLineSkip=\dimen28
)) <S-Tables Generating Table 1 (./series1.tex)
(./series3.tex
Overfull \hbox (8.15654pt too wide) detected at line 30
[] [] 

\hbox(149.65869+144.65868)x151.04402
.\hbox(0.0+0.0)x0.0
.\glue 1.66663
.\vbox(149.65869+144.65868)x155.86731
..\hbox(16.51393+12.79865)x155.86731
...\glue(\tabskip) 0.0
...\hbox(16.51393+12.79865)x67.41316 []
...\glue(\tabskip) 0.0
...\hbox(16.51393+12.79865)x88.45415 []
...\glue(\tabskip) 0.0
..\glue(\lineskip) 4.0
..\hbox(16.51393+13.02782)x155.86731
...\glue(\tabskip) 0.0
...\hbox(16.51393+13.02782)x67.41316, glue set 35.78464fil []
...\glue(\tabskip) 0.0
...\hbox(16.51393+13.02782)x88.45415, glue set 27.90213fil []
...\glue(\tabskip) 0.0
..\glue -15.0
..\glue(\parskip) 0.0 plus 1.0
..etc.
.\glue 1.66663

)
Overfull \vbox (623.09276pt too high) detected at line 12

\vbox(15.0+0.0)x151.04402, glue set - 1.0
.\glue 0.0 plus 1.0fil
.\glue 3.0
.\glue(\parskip) 0.0 plus 1.0
.\hbox(6.94444+1.94444)x151.04402, glue set 52.48831fil
..\hbox(0.0+0.0)x0.0
..\tenrm O
..\tenrm r
..\tenrm d
..\tenrm i
..etc.
.\penalty 10000
.etc.

(./quote2.tex) - Rows: 4, Columns: 2>
Overfull \vbox (79.01357pt too high) has occurred while \output is active
\vbox(643.20255+0.0)x578.15999
.\glue(\topskip) 0.0
.\hbox(722.21611+0.0)x578.15999, glue set 0.53891fil
..\vbox(722.21611+0.0)x577.62108
...\rule(1.0+0.0)x577.62108
...\hbox(10.0+5.0)x577.62108 []
...\rule(1.0+0.0)x577.62108
...\hbox(10.0+5.0)x577.62108 []
...\rule(0.4+0.0)x577.62108
...etc.
..\glue 0.0 plus 1.0fil minus 1.0fil


[9] )
Output written on t9.dvi (1 page, 11516 bytes).
